<?xml version="1.0" encoding="UTF-8"?>
<!-- Generated by org.testng.reporters.JUnitReportReporter -->
<testsuite skipped="0" hostname="MSI-Laptop" name="com.sdetsg.tests.QuantityOfProducts" tests="1" failures="0" timestamp="20 Nov 2020 14:53:32 GMT" time="25.605" errors="0">
  <testcase name="ValidateQuantity" time="25.605" classname="com.sdetsg.tests.QuantityOfProducts"/>
</testsuite> <!-- com.sdetsg.tests.QuantityOfProducts -->
