<?xml version="1.0" encoding="UTF-8"?>
<!-- Generated by org.testng.reporters.JUnitReportReporter -->
<testsuite skipped="0" hostname="MSI-Laptop" name="com.sdetsg.tests.SampleTest" tests="1" failures="0" timestamp="19 Nov 2020 20:42:00 GMT" time="0.985" errors="0">
  <testcase name="test" time="0.985" classname="com.sdetsg.tests.SampleTest"/>
</testsuite> <!-- com.sdetsg.tests.SampleTest -->
