<?xml version="1.0" encoding="UTF-8"?>
<!-- Generated by org.testng.reporters.JUnitReportReporter -->
<testsuite skipped="0" hostname="MSI-Laptop" name="com.sdetsg.tests.Aliexpress" tests="1" failures="0" timestamp="20 Nov 2020 14:26:01 GMT" time="27.363" errors="0">
  <testcase name="ValidateQuantity" time="27.363" classname="com.sdetsg.tests.Aliexpress"/>
</testsuite> <!-- com.sdetsg.tests.Aliexpress -->
