<?xml version="1.0" encoding="UTF-8"?>
<!-- Generated by org.testng.reporters.JUnitReportReporter -->
<testsuite skipped="0" hostname="MSI-Laptop" name="com.sdetsg.tests.Aliexpress" tests="1" failures="0" timestamp="19 Nov 2020 22:39:51 GMT" time="27.019" errors="0">
  <testcase name="ValidateQuantity" time="27.019" classname="com.sdetsg.tests.Aliexpress"/>
</testsuite> <!-- com.sdetsg.tests.Aliexpress -->
