<?xml version="1.0" encoding="UTF-8"?>
<!-- Generated by org.testng.reporters.JUnitReportReporter -->
<testsuite skipped="0" hostname="MSI-Laptop" name="com.sdetsg.tests.Aliexpress" tests="1" failures="0" timestamp="20 Nov 2020 05:03:25 GMT" time="22.649" errors="0">
  <testcase name="ValidateQuantity" time="22.649" classname="com.sdetsg.tests.Aliexpress"/>
</testsuite> <!-- com.sdetsg.tests.Aliexpress -->
